<?xml version="1.0" encoding="UTF-8"?>
<!-- Generated by org.testng.reporters.JUnitXMLReporter -->
<testsuite ignored="9" hostname="LPT-AhshamKhan" failures="0" tests="1" name="Default test" time="10.26" errors="0" timestamp="2023-05-09T12:24:32 PKT">
  <testcase classname="E2EProject.Bproperty.SearchPage" name="TestCase10" time="3.127"/>
  <testcase classname="E2EProject.Bproperty.SearchPage" name="TestCase1" time="0.0">
    <ignored/>
  </testcase> <!-- TestCase1 -->
  <testcase classname="E2EProject.Bproperty.SearchPage" name="TestCase5" time="0.0">
    <ignored/>
  </testcase> <!-- TestCase5 -->
  <testcase classname="E2EProject.Bproperty.SearchPage" name="TestCase9" time="0.0">
    <ignored/>
  </testcase> <!-- TestCase9 -->
  <testcase classname="E2EProject.Bproperty.SearchPage" name="TestCase2" time="0.0">
    <ignored/>
  </testcase> <!-- TestCase2 -->
  <testcase classname="E2EProject.Bproperty.SearchPage" name="TestCase3" time="0.0">
    <ignored/>
  </testcase> <!-- TestCase3 -->
  <testcase classname="E2EProject.Bproperty.SearchPage" name="TestCase4" time="0.0">
    <ignored/>
  </testcase> <!-- TestCase4 -->
  <testcase classname="E2EProject.Bproperty.SearchPage" name="TestCase6" time="0.0">
    <ignored/>
  </testcase> <!-- TestCase6 -->
  <testcase classname="E2EProject.Bproperty.SearchPage" name="TestCase7" time="0.0">
    <ignored/>
  </testcase> <!-- TestCase7 -->
  <testcase classname="E2EProject.Bproperty.SearchPage" name="TestCase8" time="0.0">
    <ignored/>
  </testcase> <!-- TestCase8 -->
</testsuite> <!-- Default test -->
