<?xml version="1.0" encoding="UTF-8"?>
<!-- Generated by org.testng.reporters.JUnitXMLReporter -->
<testsuite hostname="LPT-AhshamKhan" failures="0" tests="10" name="Test" time="74.785" errors="0" timestamp="22 May 2023 13:13:09 GMT">
  <testcase classname="E2EProject.Bproperty.SearchPage" name="TestCase1" time="0.549"/>
  <testcase classname="E2EProject.Bproperty.SearchPage" name="TestCase10" time="2.723"/>
  <testcase classname="E2EProject.Bproperty.SearchPage" name="TestCase2" time="1.566"/>
  <testcase classname="E2EProject.Bproperty.SearchPage" name="TestCase3" time="0.202"/>
  <testcase classname="E2EProject.Bproperty.SearchPage" name="TestCase4" time="0.362"/>
  <testcase classname="E2EProject.Bproperty.SearchPage" name="TestCase5" time="0.355"/>
  <testcase classname="E2EProject.Bproperty.SearchPage" name="TestCase6" time="0.354"/>
  <testcase classname="E2EProject.Bproperty.SearchPage" name="TestCase7" time="0.366"/>
  <testcase classname="E2EProject.Bproperty.SearchPage" name="TestCase8" time="0.237"/>
  <testcase classname="E2EProject.Bproperty.SearchPage" name="TestCase9" time="3.492"/>
</testsuite> <!-- Test -->
