<?xml version="1.0" encoding="UTF-8"?>
<testng-results ignored="9" total="10" passed="1" failed="0" skipped="0">
  <reporter-output>
  </reporter-output>
  <suite started-at="2023-05-09T12:24:22 PKT" name="Default suite" finished-at="2023-05-09T12:24:32 PKT" duration-ms="10260">
    <groups>
    </groups>
    <test started-at="2023-05-09T12:24:22 PKT" name="Default test" finished-at="2023-05-09T12:24:32 PKT" duration-ms="10260">
      <class name="E2EProject.Bproperty.SearchPage">
        <test-method is-config="true" signature="BeforeTest()[pri:0, instance:E2EProject.Bproperty.SearchPage@69b2283a]" started-at="2023-05-09T12:24:22 PKT" name="BeforeTest" finished-at="2023-05-09T12:24:29 PKT" duration-ms="6928" status="PASS">
          <reporter-output>
          </reporter-output>
        </test-method> <!-- BeforeTest -->
        <test-method signature="TestCase10()[pri:0, instance:E2EProject.Bproperty.SearchPage@69b2283a]" started-at="2023-05-09T12:24:29 PKT" name="TestCase10" finished-at="2023-05-09T12:24:32 PKT" duration-ms="3127" status="PASS">
          <reporter-output>
          </reporter-output>
        </test-method> <!-- TestCase10 -->
        <test-method is-config="true" signature="After()[pri:0, instance:E2EProject.Bproperty.SearchPage@69b2283a]" started-at="2023-05-09T12:24:32 PKT" name="After" finished-at="2023-05-09T12:24:32 PKT" duration-ms="167" status="PASS">
          <reporter-output>
          </reporter-output>
        </test-method> <!-- After -->
      </class> <!-- E2EProject.Bproperty.SearchPage -->
    </test> <!-- Default test -->
  </suite> <!-- Default suite -->
</testng-results>
